Build started 12/13/2015 10:08:25 PM.
     1>Project "C:\src\Element\OpenCVCameraCalibrationSample\OpenCVCameraCalibrationSample.vcxproj" on node 2 (Rebuild target(s)).
     1>ClCompile:
         C:\Program Files (x86)\Microsoft Visual Studio 12.0\VC\bin\x86_amd64\CL.exe /c /I"C:\OpenCV 3.0.0\build\include" /I"C:\Program Files\JAI\SDK\library\CPP\include" /Zi /nologo /W3 /WX- /O2 /GL /D WIN64 /D _WIN64 /D WIN32 /D _WINDOWS /D NDEBUG /D _UNICODE /D UNICODE /Gm- /EHsc /MDd /GS /fp:precise /Zc:wchar_t /Zc:forScope /Yc"stdafx.h" /Fp"x64\Release\OpenCVCameraCalibrationSample.pch" /Fo"x64\Release\\" /Fd"x64\Release\vc120.pdb" /Gd /TP /errorReport:prompt stdafx.cpp
         stdafx.cpp
         C:\Program Files (x86)\Microsoft Visual Studio 12.0\VC\bin\x86_amd64\CL.exe /c /I"C:\OpenCV 3.0.0\build\include" /I"C:\Program Files\JAI\SDK\library\CPP\include" /Zi /nologo /W3 /WX- /O2 /GL /D WIN64 /D _WIN64 /D WIN32 /D _WINDOWS /D NDEBUG /D _UNICODE /D UNICODE /Gm- /EHsc /MDd /GS /fp:precise /Zc:wchar_t /Zc:forScope /Yu"stdafx.h" /Fp"x64\Release\OpenCVCameraCalibrationSample.pch" /Fo"x64\Release\\" /Fd"x64\Release\vc120.pdb" /Gd /TP /errorReport:prompt Element.cpp file_calibration.cpp OpenCVCameraCalibrationSample.cpp OpenCVCameraCalibrationSampleDlg.cpp
         Element.cpp
     1>c:\src\element\opencvcameracalibrationsample\file_calibration.h(18): warning C4091: 'static ' : ignored on left of 'FilesCalibration' when no variable is declared
         file_calibration.cpp
     1>c:\src\element\opencvcameracalibrationsample\file_calibration.h(18): warning C4091: 'static ' : ignored on left of 'FilesCalibration' when no variable is declared
     1>file_calibration.cpp(385): warning C4267: 'initializing' : conversion from 'size_t' to 'int', possible loss of data
     1>file_calibration.cpp(482): warning C4244: 'argument' : conversion from 'double' to 'int', possible loss of data
     1>file_calibration.cpp(552): warning C4101: 'e' : unreferenced local variable
     1>file_calibration.cpp(656): warning C4996: 'localtime': This function or variable may be unsafe. Consider using localtime_s instead. To disable deprecation, use _CRT_SECURE_NO_WARNINGS. See online help for details.
                 C:\Program Files (x86)\Microsoft Visual Studio 12.0\VC\include\time.inl(112) : see declaration of 'localtime'
     1>file_calibration.cpp(679): warning C4996: 'sprintf': This function or variable may be unsafe. Consider using sprintf_s instead. To disable deprecation, use _CRT_SECURE_NO_WARNINGS. See online help for details.
                 C:\Program Files (x86)\Microsoft Visual Studio 12.0\VC\include\stdio.h(356) : see declaration of 'sprintf'
         OpenCVCameraCalibrationSample.cpp
     1>c:\src\element\opencvcameracalibrationsample\file_calibration.h(18): warning C4091: 'static ' : ignored on left of 'FilesCalibration' when no variable is declared
         OpenCVCameraCalibrationSampleDlg.cpp
     1>c:\src\element\opencvcameracalibrationsample\file_calibration.h(18): warning C4091: 'static ' : ignored on left of 'FilesCalibration' when no variable is declared
       ResourceCompile:
         C:\Program Files (x86)\Windows Kits\8.1\bin\x86\rc.exe /D NDEBUG /D _UNICODE /D UNICODE /l"0x0409" /Ix64\Release\ /nologo /fo"x64\Release\OpenCVCameraCalibrationSample.res" OpenCVCameraCalibrationSample.rc 
       Link:
         C:\Program Files (x86)\Microsoft Visual Studio 12.0\VC\bin\x86_amd64\link.exe /ERRORREPORT:PROMPT /OUT:"C:\src\Element\x64\Release\OpenCVCameraCalibrationSample.exe" /INCREMENTAL:NO /NOLOGO /LIBPATH:"C:\OpenCV 3.0.0\build\x64\vc12\lib" /LIBPATH:"C:\Program Files\JAI\SDK\library\CPP\lib\Win64_x64" Jai_Factory.lib opencv_core300d.lib opencv_features2d300d.lib opencv_flann300d.lib opencv_highgui300d.lib opencv_imgcodecs300d.lib opencv_imgproc300d.lib opencv_ml300d.lib opencv_objdetect300d.lib opencv_photo300d.lib opencv_shape300d.lib opencv_stitching300d.lib opencv_superres300d.lib opencv_ts300d.lib opencv_video300d.lib opencv_videoio300d.lib opencv_videostab300d.lib /MANIFEST /MANIFESTUAC:"level='asInvoker' uiAccess='false'" /manifest:embed /manifestinput:"C:\Program Files (x86)\Microsoft Visual Studio 12.0\VC\Include\Manifest\dpiaware.manifest" /DEBUG /PDB:"C:\src\Element\x64\Release\OpenCVCameraCalibrationSample.pdb" /SUBSYSTEM:WINDOWS /OPT:REF /OPT:ICF /LTCG /TLBID:1 /ENTRY:"wWinMainCRTStartup" /DYNAMICBASE /NXCOMPAT /IMPLIB:"C:\src\Element\x64\Release\OpenCVCameraCalibrationSample.lib" /MACHINE:X64 x64\Release\OpenCVCameraCalibrationSample.res
         x64\Release\Element.obj
         x64\Release\file_calibration.obj
         x64\Release\OpenCVCameraCalibrationSample.obj
         x64\Release\OpenCVCameraCalibrationSampleDlg.obj
         x64\Release\stdafx.obj
     1>LINK : fatal error LNK1181: cannot open input file 'opencv_core300d.lib'
     1>Done Building Project "C:\src\Element\OpenCVCameraCalibrationSample\OpenCVCameraCalibrationSample.vcxproj" (Rebuild target(s)) -- FAILED.

Build FAILED.

Time Elapsed 00:00:07.89
